<?xml version="1.0" encoding="UTF-8"?>
<!-- Generated by org.testng.reporters.JUnitReportReporter -->
<testsuite hostname="MSI" failures="0" tests="1" name="testCases.LoginTest" time="2.049" errors="0" timestamp="2025-02-16T10:59:04 IST" skipped="0">
  <testcase classname="testCases.LoginTest" name="verifyLogin" time="2.049"/>
</testsuite> <!-- testCases.LoginTest -->
